2010-01-07 20:11:15 opening load file
2010-01-07 20:11:15 opening db connection
2010-01-07 21:21:46 368646 rows from load file processed.2010-01-07 21:21:46 1389876 characters from load file processed.2010-01-07 21:21:46 closing db connection and load file
2010-01-08 16:20:17 opening load file
2010-01-08 16:20:17 opening db connection
2010-01-08 17:39:54 122882 rows from load file processed.
2010-01-08 17:39:54 1389876 characters from load file processed.
2010-01-08 17:39:54 closing db connection and load file
2010-02-12 21:53:34 opening load file
2010-02-12 21:53:35 opening db connection
2010-02-12 21:54:10 opening load file
2010-02-12 21:54:10 opening db connection
2010-02-12 22:00:36 opening load file
2010-02-12 22:00:36 opening db connection
2010-02-12 22:26:43 opening load file
2010-02-12 22:26:43 opening db connection
2010-02-12 22:27:08 opening load file
2010-02-12 22:27:08 opening db connection
2010-02-12 22:27:27 opening load file
2010-02-12 22:27:27 opening db connection
2010-02-12 22:27:57 opening load file
2010-02-12 22:27:57 opening db connection
2010-02-12 22:28:37 opening load file
2010-02-12 22:28:37 opening db connection
2010-02-12 22:32:52 opening load file
2010-02-12 22:32:52 opening db connection
2010-02-12 22:33:13 opening load file
2010-02-12 22:33:13 opening db connection
2010-02-12 22:34:22 opening load file
2010-02-12 22:34:22 opening db connection
2010-02-12 22:46:34 opening load file
2010-02-12 22:46:34 opening db connection
2010-02-12 22:47:08 opening load file
2010-02-12 22:47:08 opening db connection
2010-02-12 22:48:05 opening load file
2010-02-12 22:48:05 opening db connection
2010-02-12 22:50:04 opening load file
2010-02-12 22:50:04 opening db connection
2010-02-12 22:51:20 opening load file
2010-02-12 22:51:20 opening db connection
2010-02-12 22:52:45 opening load file
2010-02-12 22:52:45 opening db connection
2010-02-12 22:53:20 opening load file
2010-02-12 22:53:20 opening db connection
2010-02-12 23:24:47 opening load file
2010-02-12 23:24:47 opening db connection
2010-02-12 23:24:47 1946 rows from load file processed.
2010-02-12 23:24:47 0 characters from load file processed.
2010-02-12 23:24:47 closing db connection and load file
2010-02-12 23:26:53 opening load file
2010-02-12 23:26:53 opening db connection
2010-02-12 23:26:54 1946 rows from load file processed.
2010-02-12 23:26:54 0 characters from load file processed.
2010-02-12 23:26:54 closing db connection and load file
2010-02-12 23:27:39 opening load file
2010-02-12 23:27:39 opening db connection
2010-02-12 23:27:39 1945 rows from load file processed.
2010-02-12 23:27:39 0 characters from load file processed.
2010-02-12 23:27:39 closing db connection and load file
2010-02-12 23:29:01 opening load file
2010-02-12 23:29:01 opening db connection
2010-02-12 23:29:01 1945 rows from load file processed.
2010-02-12 23:29:01 0 characters from load file processed.
2010-02-12 23:29:01 closing db connection and load file
2010-02-12 23:32:12 opening load file
2010-02-12 23:32:12 opening db connection
2010-02-12 23:32:12 1945 rows from load file processed.
2010-02-12 23:32:12 0 characters from load file processed.
2010-02-12 23:32:12 closing db connection and load file
2010-02-12 23:32:25 opening load file
2010-02-12 23:32:25 opening db connection
2010-02-12 23:32:27 1945 rows from load file processed.
2010-02-12 23:32:27 0 characters from load file processed.
2010-02-12 23:32:27 closing db connection and load file
2010-02-12 23:33:29 opening load file
2010-02-12 23:33:29 opening db connection
2010-02-12 23:33:32 1945 rows from load file processed.
2010-02-12 23:33:32 0 characters from load file processed.
2010-02-12 23:33:32 closing db connection and load file
2010-02-12 23:35:22 opening load file
2010-02-12 23:35:22 opening db connection
2010-02-12 23:35:24 1945 rows from load file processed.
2010-02-12 23:35:24 closing db connection and load file
2010-02-12 23:36:10 opening load file
2010-02-12 23:36:10 opening db connection
2010-02-12 23:36:13 1945 rows from load file processed.
2010-02-12 23:36:13 closing db connection and load file
2010-02-12 23:36:43 opening load file
2010-02-12 23:36:43 opening db connection
2010-02-12 23:36:47 1945 rows from load file processed.
2010-02-12 23:36:47 closing db connection and load file
2010-02-12 23:39:21 opening load file
2010-02-12 23:39:21 opening db connection
2010-02-12 23:39:38 opening load file
2010-02-12 23:39:38 opening db connection
2010-02-12 23:43:13 opening load file
2010-02-12 23:43:13 opening db connection
2010-02-12 23:44:06 opening load file
2010-02-12 23:44:06 opening db connection
2010-02-12 23:45:22 opening load file
2010-02-12 23:45:22 opening db connection
2010-02-12 23:46:25 opening load file
2010-02-12 23:46:25 opening db connection
2010-02-12 23:47:02 opening load file
2010-02-12 23:47:02 opening db connection
2010-02-12 23:47:05 opening load file
2010-02-12 23:47:05 opening db connection
2010-02-12 23:47:10 opening load file
2010-02-12 23:47:10 opening db connection
2010-02-12 23:51:09 opening load file
2010-02-12 23:51:09 opening db connection
2010-02-12 23:52:41 opening load file
2010-02-12 23:52:41 opening db connection
2010-02-12 23:55:14 opening load file
2010-02-12 23:55:14 opening db connection
2010-02-12 23:57:06 opening load file
2010-02-12 23:57:06 opening db connection
2010-02-12 23:57:09 1945 rows from load file processed.
2010-02-12 23:57:09 closing db connection and load file
2010-02-12 23:58:22 opening load file
2010-02-12 23:58:22 opening db connection
2010-02-12 23:58:25 1945 rows from load file processed.
2010-02-12 23:58:25 closing db connection and load file
2010-02-13 00:02:41 opening load file
2010-02-13 00:02:41 opening db connection
2010-02-13 00:13:16 opening load file
2010-02-13 00:13:16 opening db connection
2010-02-13 00:14:22 opening load file
2010-02-13 00:14:22 opening db connection
2010-02-13 00:14:46 opening load file
2010-02-13 00:14:46 opening db connection
2010-02-13 00:17:38 opening load file
2010-02-13 00:17:38 opening db connection
2010-02-13 00:25:49 opening load file
2010-02-13 00:25:49 opening db connection
2010-02-13 00:25:49 47 rows from load file processed.
2010-02-13 00:25:49 0 characters from load file processed.
2010-02-13 00:25:49 closing db connection and load file
2010-02-13 00:25:53 opening load file
2010-02-13 00:25:53 opening db connection
2010-02-13 00:25:56 1945 rows from load file processed.
2010-02-13 00:25:56 closing db connection and load file
2010-02-13 00:26:00 opening load file
2010-02-13 00:26:00 opening db connection
2010-02-13 00:29:31 opening load file
2010-02-13 00:29:31 opening db connection
2010-02-13 00:29:31 47 rows from load file processed.
2010-02-13 00:29:31 0 characters from load file processed.
2010-02-13 00:29:31 closing db connection and load file
2010-02-13 00:29:36 opening load file
2010-02-13 00:29:36 opening db connection
2010-02-13 00:29:40 1945 rows from load file processed.
2010-02-13 00:29:40 closing db connection and load file
2010-02-13 00:29:47 opening load file
2010-02-13 00:29:47 opening db connection
2010-02-13 00:32:08 opening load file
2010-02-13 00:32:08 opening db connection
2010-02-13 00:32:08 47 rows from load file processed.
2010-02-13 00:32:08 0 characters from load file processed.
2010-02-13 00:32:08 closing db connection and load file
2010-02-13 00:32:11 opening load file
2010-02-13 00:32:11 opening db connection
2010-02-13 00:32:15 1945 rows from load file processed.
2010-02-13 00:32:15 closing db connection and load file
2010-02-13 00:32:24 opening load file
2010-02-13 00:32:24 opening db connection
2010-02-13 00:37:21 opening load file
2010-02-13 00:37:21 opening db connection
2010-02-13 00:37:21 47 rows from load file processed.
2010-02-13 00:37:21 0 characters from load file processed.
2010-02-13 00:37:21 closing db connection and load file
2010-02-13 00:37:24 opening load file
2010-02-13 00:37:24 opening db connection
2010-02-13 00:37:27 1945 rows from load file processed.
2010-02-13 00:37:27 closing db connection and load file
2010-02-13 00:37:31 opening load file
2010-02-13 00:37:31 opening db connection
2010-02-13 00:38:54 opening load file
2010-02-13 00:38:54 opening db connection
2010-02-13 00:41:59 opening load file
2010-02-13 00:41:59 opening db connection
2010-02-13 00:42:00 47 rows from load file processed.
2010-02-13 00:42:00 0 characters from load file processed.
2010-02-13 00:42:00 closing db connection and load file
2010-02-13 00:42:02 opening load file
2010-02-13 00:42:02 opening db connection
2010-02-13 00:42:06 1945 rows from load file processed.
2010-02-13 00:42:06 closing db connection and load file
2010-02-13 00:42:10 opening load file
2010-02-13 00:42:10 opening db connection
2010-02-13 00:43:31 opening load file
2010-02-13 00:43:31 opening db connection
2010-02-13 00:44:50 opening load file
2010-02-13 00:44:50 opening db connection
2010-02-13 00:52:13 opening load file
2010-02-13 00:52:13 opening db connection
2010-02-13 00:54:08 opening load file
2010-02-13 00:54:08 opening db connection
2010-02-13 00:54:08 47 rows from load file processed.
2010-02-13 00:54:08 0 characters from load file processed.
2010-02-13 00:54:08 closing db connection and load file
2010-02-13 00:54:10 opening load file
2010-02-13 00:54:10 opening db connection
2010-02-13 00:54:13 1945 rows from load file processed.
2010-02-13 00:54:13 closing db connection and load file
2010-02-13 00:54:16 opening load file
2010-02-13 00:54:16 opening db connection
2010-02-13 00:56:04 opening load file
2010-02-13 00:56:04 opening db connection
2010-02-13 00:56:04 47 rows from load file processed.
2010-02-13 00:56:04 0 characters from load file processed.
2010-02-13 00:56:04 closing db connection and load file
2010-02-13 00:56:07 opening load file
2010-02-13 00:56:07 opening db connection
2010-02-13 00:56:10 1945 rows from load file processed.
2010-02-13 00:56:10 closing db connection and load file
2010-02-13 00:56:15 opening load file
2010-02-13 00:56:15 opening db connection
2010-02-13 00:58:56 opening load file
2010-02-13 00:58:56 opening db connection
2010-02-13 01:04:33 opening load file
2010-02-13 01:04:33 opening db connection
2010-02-13 01:04:33 47 rows from load file processed.
2010-02-13 01:04:33 0 characters from load file processed.
2010-02-13 01:04:33 closing db connection and load file
2010-02-13 01:04:35 opening load file
2010-02-13 01:04:35 opening db connection
2010-02-13 01:11:47 opening load file
2010-02-13 01:11:47 opening db connection
2010-02-13 01:11:47 47 rows from load file processed.
2010-02-13 01:11:47 0 characters from load file processed.
2010-02-13 01:11:47 closing db connection and load file
2010-02-13 01:11:50 opening load file
2010-02-13 01:11:50 opening db connection
2010-02-13 01:11:53 1945 rows from load file processed.
2010-02-13 01:11:53 closing db connection and load file
2010-02-13 01:11:56 opening load file
2010-02-13 01:11:56 opening db connection
2010-02-13 01:13:54 opening load file
2010-02-13 01:13:54 opening db connection
2010-02-13 01:13:54 47 rows from load file processed.
2010-02-13 01:13:54 0 characters from load file processed.
2010-02-13 01:13:54 closing db connection and load file
2010-02-13 01:13:57 opening load file
2010-02-13 01:13:57 opening db connection
2010-02-13 01:14:00 1945 rows from load file processed.
2010-02-13 01:14:00 closing db connection and load file
2010-02-13 01:14:03 opening load file
2010-02-13 01:14:03 opening db connection
2010-02-13 01:34:53 opening load file
2010-02-13 01:34:53 opening db connection
2010-02-13 05:38:49 368646 rows from load file processed.2010-02-13 05:38:49 1389876 characters from load file processed.2010-02-13 05:38:49 closing db connection and load file
2010-02-13 07:34:14 opening load file
2010-02-13 07:34:14 opening db connection
2010-02-13 07:34:15 47 rows from load file processed.
2010-02-13 07:34:15 0 characters from load file processed.
2010-02-13 07:34:15 closing db connection and load file
2010-02-13 07:34:38 opening load file
2010-02-13 07:34:38 opening db connection
2010-02-13 07:34:41 1945 rows from load file processed.
2010-02-13 07:34:41 closing db connection and load file
2010-02-13 07:37:58 opening load file
2010-02-13 07:37:58 opening db connection
2010-02-14 19:04:36 122882 rows from load file processed.
2010-02-14 19:04:36 1389876 characters from load file processed.
2010-02-14 19:04:36 closing db connection and load file
